<?xml version="1.0" encoding="UTF-8"?>
<testng-results ignored="0" total="6" passed="4" failed="2" skipped="0">
  <reporter-output>
  </reporter-output>
  <suite started-at="2021-10-20T09:07:13 IST" name="Suite" finished-at="2021-10-20T09:08:17 IST" duration-ms="63755">
    <groups>
    </groups>
    <test started-at="2021-10-20T09:07:13 IST" name="Test" finished-at="2021-10-20T09:08:17 IST" duration-ms="63755">
      <class name="com.orangehrm.test.ApplicationTest">
        <test-method is-config="true" signature="startReport()[pri:0, instance:com.orangehrm.test.ApplicationTest@37d4349f]" started-at="2021-10-20T09:07:13 IST" name="startReport" finished-at="2021-10-20T09:07:13 IST" duration-ms="201" status="PASS">
          <reporter-output>
          </reporter-output>
        </test-method> <!-- startReport -->
        <test-method is-config="true" signature="setupBrowser(java.lang.String)[pri:0, instance:com.orangehrm.test.ApplicationTest@37d4349f]" started-at="2021-10-20T09:07:13 IST" name="setupBrowser" finished-at="2021-10-20T09:07:15 IST" duration-ms="1635" status="PASS">
          <params>
            <param index="0">
              <value>
                <![CDATA[Chrome]]>
              </value>
            </param>
          </params>
          <reporter-output>
          </reporter-output>
        </test-method> <!-- setupBrowser -->
        <test-method signature="VerifyApplicationTitle()[pri:1, instance:com.orangehrm.test.ApplicationTest@37d4349f]" started-at="2021-10-20T09:07:15 IST" name="VerifyApplicationTitle" finished-at="2021-10-20T09:07:18 IST" duration-ms="3390" status="PASS">
          <reporter-output>
          </reporter-output>
        </test-method> <!-- VerifyApplicationTitle -->
        <test-method is-config="true" signature="teardown()[pri:0, instance:com.orangehrm.test.ApplicationTest@37d4349f]" started-at="2021-10-20T09:07:18 IST" name="teardown" finished-at="2021-10-20T09:07:19 IST" duration-ms="597" status="PASS">
          <reporter-output>
          </reporter-output>
        </test-method> <!-- teardown -->
        <test-method is-config="true" signature="setupBrowser(java.lang.String)[pri:0, instance:com.orangehrm.test.ApplicationTest@37d4349f]" started-at="2021-10-20T09:07:19 IST" name="setupBrowser" finished-at="2021-10-20T09:07:20 IST" duration-ms="1027" status="PASS">
          <params>
            <param index="0">
              <value>
                <![CDATA[Chrome]]>
              </value>
            </param>
          </params>
          <reporter-output>
          </reporter-output>
        </test-method> <!-- setupBrowser -->
        <test-method signature="verifyApplicationLogin(java.lang.String,java.lang.String)[pri:2, instance:com.orangehrm.test.ApplicationTest@37d4349f]" started-at="2021-10-20T09:07:20 IST" name="verifyApplicationLogin" data-provider="loginData" finished-at="2021-10-20T09:07:28 IST" duration-ms="7242" status="PASS">
          <params>
            <param index="0">
              <value>
                <![CDATA[admin]]>
              </value>
            </param>
            <param index="1">
              <value>
                <![CDATA[admin123]]>
              </value>
            </param>
          </params>
          <reporter-output>
          </reporter-output>
        </test-method> <!-- verifyApplicationLogin -->
        <test-method is-config="true" signature="teardown()[pri:0, instance:com.orangehrm.test.ApplicationTest@37d4349f]" started-at="2021-10-20T09:07:28 IST" name="teardown" finished-at="2021-10-20T09:07:28 IST" duration-ms="349" status="PASS">
          <reporter-output>
          </reporter-output>
        </test-method> <!-- teardown -->
        <test-method is-config="true" signature="setupBrowser(java.lang.String)[pri:0, instance:com.orangehrm.test.ApplicationTest@37d4349f]" started-at="2021-10-20T09:07:28 IST" name="setupBrowser" finished-at="2021-10-20T09:07:29 IST" duration-ms="1000" status="PASS">
          <params>
            <param index="0">
              <value>
                <![CDATA[Chrome]]>
              </value>
            </param>
          </params>
          <reporter-output>
          </reporter-output>
        </test-method> <!-- setupBrowser -->
        <test-method signature="verifyApplicationLogin(java.lang.String,java.lang.String)[pri:2, instance:com.orangehrm.test.ApplicationTest@37d4349f]" started-at="2021-10-20T09:07:29 IST" name="verifyApplicationLogin" data-provider="loginData" finished-at="2021-10-20T09:07:54 IST" duration-ms="24916" status="FAIL">
          <params>
            <param index="0">
              <value>
                <![CDATA[Raj]]>
              </value>
            </param>
            <param index="1">
              <value>
                <![CDATA[abc123]]>
              </value>
            </param>
          </params>
          <exception class="java.lang.AssertionError">
            <message>
              <![CDATA[Application Login is Not Successful]]>
            </message>
            <full-stacktrace>
              <![CDATA[java.lang.AssertionError: Application Login is Not Successful
at org.junit.Assert.fail(Assert.java:88)
at com.orangehrm.pages.HomePage.verifyWhetherAppLoginIsSuccessful(HomePage.java:39)
at com.orangehrm.test.ApplicationTest.verifyApplicationLogin(ApplicationTest.java:31)
at java.base/jdk.internal.reflect.NativeMethodAccessorImpl.invoke0(Native Method)
at java.base/jdk.internal.reflect.NativeMethodAccessorImpl.invoke(NativeMethodAccessorImpl.java:78)
at java.base/jdk.internal.reflect.DelegatingMethodAccessorImpl.invoke(DelegatingMethodAccessorImpl.java:43)
at java.base/java.lang.reflect.Method.invoke(Method.java:567)
at org.testng.internal.MethodInvocationHelper.invokeMethod(MethodInvocationHelper.java:133)
at org.testng.internal.TestInvoker.invokeMethod(TestInvoker.java:598)
at org.testng.internal.TestInvoker.invokeTestMethod(TestInvoker.java:173)
at org.testng.internal.MethodRunner.runInSequence(MethodRunner.java:46)
at org.testng.internal.TestInvoker$MethodInvocationAgent.invoke(TestInvoker.java:824)
at org.testng.internal.TestInvoker.invokeTestMethods(TestInvoker.java:146)
at org.testng.internal.TestMethodWorker.invokeTestMethods(TestMethodWorker.java:146)
at org.testng.internal.TestMethodWorker.run(TestMethodWorker.java:128)
at java.base/java.util.ArrayList.forEach(ArrayList.java:1511)
at org.testng.TestRunner.privateRun(TestRunner.java:794)
at org.testng.TestRunner.run(TestRunner.java:596)
at org.testng.SuiteRunner.runTest(SuiteRunner.java:377)
at org.testng.SuiteRunner.runSequentially(SuiteRunner.java:371)
at org.testng.SuiteRunner.privateRun(SuiteRunner.java:332)
at org.testng.SuiteRunner.run(SuiteRunner.java:276)
at org.testng.SuiteRunnerWorker.runSuite(SuiteRunnerWorker.java:53)
at org.testng.SuiteRunnerWorker.run(SuiteRunnerWorker.java:96)
at org.testng.TestNG.runSuitesSequentially(TestNG.java:1212)
at org.testng.TestNG.runSuitesLocally(TestNG.java:1134)
at org.testng.TestNG.runSuites(TestNG.java:1063)
at org.testng.TestNG.run(TestNG.java:1031)
at org.testng.remote.AbstractRemoteTestNG.run(AbstractRemoteTestNG.java:115)
at org.testng.remote.RemoteTestNG.initAndRun(RemoteTestNG.java:251)
at org.testng.remote.RemoteTestNG.main(RemoteTestNG.java:77)
]]>
            </full-stacktrace>
          </exception> <!-- java.lang.AssertionError -->
          <reporter-output>
          </reporter-output>
        </test-method> <!-- verifyApplicationLogin -->
        <test-method is-config="true" signature="teardown()[pri:0, instance:com.orangehrm.test.ApplicationTest@37d4349f]" started-at="2021-10-20T09:07:54 IST" name="teardown" finished-at="2021-10-20T09:07:54 IST" duration-ms="479" status="PASS">
          <reporter-output>
          </reporter-output>
        </test-method> <!-- teardown -->
        <test-method is-config="true" signature="setupBrowser(java.lang.String)[pri:0, instance:com.orangehrm.test.ApplicationTest@37d4349f]" started-at="2021-10-20T09:07:54 IST" name="setupBrowser" finished-at="2021-10-20T09:07:56 IST" duration-ms="1161" status="PASS">
          <params>
            <param index="0">
              <value>
                <![CDATA[Chrome]]>
              </value>
            </param>
          </params>
          <reporter-output>
          </reporter-output>
        </test-method> <!-- setupBrowser -->
        <test-method signature="verifyApplicationLogout(java.lang.String,java.lang.String)[pri:3, instance:com.orangehrm.test.ApplicationTest@37d4349f]" started-at="2021-10-20T09:07:56 IST" name="verifyApplicationLogout" data-provider="loginData" finished-at="2021-10-20T09:08:04 IST" duration-ms="8411" status="PASS">
          <params>
            <param index="0">
              <value>
                <![CDATA[admin]]>
              </value>
            </param>
            <param index="1">
              <value>
                <![CDATA[admin123]]>
              </value>
            </param>
          </params>
          <reporter-output>
          </reporter-output>
        </test-method> <!-- verifyApplicationLogout -->
        <test-method is-config="true" signature="teardown()[pri:0, instance:com.orangehrm.test.ApplicationTest@37d4349f]" started-at="2021-10-20T09:08:04 IST" name="teardown" finished-at="2021-10-20T09:08:04 IST" duration-ms="240" status="PASS">
          <reporter-output>
          </reporter-output>
        </test-method> <!-- teardown -->
        <test-method is-config="true" signature="setupBrowser(java.lang.String)[pri:0, instance:com.orangehrm.test.ApplicationTest@37d4349f]" started-at="2021-10-20T09:08:04 IST" name="setupBrowser" finished-at="2021-10-20T09:08:05 IST" duration-ms="1061" status="PASS">
          <params>
            <param index="0">
              <value>
                <![CDATA[Chrome]]>
              </value>
            </param>
          </params>
          <reporter-output>
          </reporter-output>
        </test-method> <!-- setupBrowser -->
        <test-method signature="verifyApplicationLogout(java.lang.String,java.lang.String)[pri:3, instance:com.orangehrm.test.ApplicationTest@37d4349f]" started-at="2021-10-20T09:08:05 IST" name="verifyApplicationLogout" data-provider="loginData" finished-at="2021-10-20T09:08:11 IST" duration-ms="5846" status="FAIL">
          <params>
            <param index="0">
              <value>
                <![CDATA[Raj]]>
              </value>
            </param>
            <param index="1">
              <value>
                <![CDATA[abc123]]>
              </value>
            </param>
          </params>
          <exception class="java.lang.AssertionError">
            <message>
              <![CDATA[Application Logout is Not Successful]]>
            </message>
            <full-stacktrace>
              <![CDATA[java.lang.AssertionError: Application Logout is Not Successful
at org.junit.Assert.fail(Assert.java:88)
at com.orangehrm.pages.HomePage.verifyApplicationLogout(HomePage.java:54)
at com.orangehrm.test.ApplicationTest.verifyApplicationLogout(ApplicationTest.java:41)
at java.base/jdk.internal.reflect.NativeMethodAccessorImpl.invoke0(Native Method)
at java.base/jdk.internal.reflect.NativeMethodAccessorImpl.invoke(NativeMethodAccessorImpl.java:78)
at java.base/jdk.internal.reflect.DelegatingMethodAccessorImpl.invoke(DelegatingMethodAccessorImpl.java:43)
at java.base/java.lang.reflect.Method.invoke(Method.java:567)
at org.testng.internal.MethodInvocationHelper.invokeMethod(MethodInvocationHelper.java:133)
at org.testng.internal.TestInvoker.invokeMethod(TestInvoker.java:598)
at org.testng.internal.TestInvoker.invokeTestMethod(TestInvoker.java:173)
at org.testng.internal.MethodRunner.runInSequence(MethodRunner.java:46)
at org.testng.internal.TestInvoker$MethodInvocationAgent.invoke(TestInvoker.java:824)
at org.testng.internal.TestInvoker.invokeTestMethods(TestInvoker.java:146)
at org.testng.internal.TestMethodWorker.invokeTestMethods(TestMethodWorker.java:146)
at org.testng.internal.TestMethodWorker.run(TestMethodWorker.java:128)
at java.base/java.util.ArrayList.forEach(ArrayList.java:1511)
at org.testng.TestRunner.privateRun(TestRunner.java:794)
at org.testng.TestRunner.run(TestRunner.java:596)
at org.testng.SuiteRunner.runTest(SuiteRunner.java:377)
at org.testng.SuiteRunner.runSequentially(SuiteRunner.java:371)
at org.testng.SuiteRunner.privateRun(SuiteRunner.java:332)
at org.testng.SuiteRunner.run(SuiteRunner.java:276)
at org.testng.SuiteRunnerWorker.runSuite(SuiteRunnerWorker.java:53)
at org.testng.SuiteRunnerWorker.run(SuiteRunnerWorker.java:96)
at org.testng.TestNG.runSuitesSequentially(TestNG.java:1212)
at org.testng.TestNG.runSuitesLocally(TestNG.java:1134)
at org.testng.TestNG.runSuites(TestNG.java:1063)
at org.testng.TestNG.run(TestNG.java:1031)
at org.testng.remote.AbstractRemoteTestNG.run(AbstractRemoteTestNG.java:115)
at org.testng.remote.RemoteTestNG.initAndRun(RemoteTestNG.java:251)
at org.testng.remote.RemoteTestNG.main(RemoteTestNG.java:77)
]]>
            </full-stacktrace>
          </exception> <!-- java.lang.AssertionError -->
          <reporter-output>
          </reporter-output>
        </test-method> <!-- verifyApplicationLogout -->
        <test-method is-config="true" signature="teardown()[pri:0, instance:com.orangehrm.test.ApplicationTest@37d4349f]" started-at="2021-10-20T09:08:11 IST" name="teardown" finished-at="2021-10-20T09:08:11 IST" duration-ms="350" status="PASS">
          <reporter-output>
          </reporter-output>
        </test-method> <!-- teardown -->
        <test-method is-config="true" signature="setupBrowser(java.lang.String)[pri:0, instance:com.orangehrm.test.ApplicationTest@37d4349f]" started-at="2021-10-20T09:08:11 IST" name="setupBrowser" finished-at="2021-10-20T09:08:12 IST" duration-ms="1057" status="PASS">
          <params>
            <param index="0">
              <value>
                <![CDATA[Chrome]]>
              </value>
            </param>
          </params>
          <reporter-output>
          </reporter-output>
        </test-method> <!-- setupBrowser -->
        <test-method signature="verifyForgotPasswordPage()[pri:4, instance:com.orangehrm.test.ApplicationTest@37d4349f]" started-at="2021-10-20T09:08:12 IST" name="verifyForgotPasswordPage" finished-at="2021-10-20T09:08:17 IST" duration-ms="4205" status="PASS">
          <reporter-output>
          </reporter-output>
        </test-method> <!-- verifyForgotPasswordPage -->
        <test-method is-config="true" signature="teardown()[pri:0, instance:com.orangehrm.test.ApplicationTest@37d4349f]" started-at="2021-10-20T09:08:17 IST" name="teardown" finished-at="2021-10-20T09:08:17 IST" duration-ms="321" status="PASS">
          <reporter-output>
          </reporter-output>
        </test-method> <!-- teardown -->
      </class> <!-- com.orangehrm.test.ApplicationTest -->
    </test> <!-- Test -->
  </suite> <!-- Suite -->
</testng-results>
